[2026-01-19 15:29:53,727][__main__][INFO] - Device: cuda
[2026-01-19 15:29:53,893][__main__][INFO] - pos_weight = 0.0706 (neg=49, pos=694)
[2026-01-19 15:30:11,328][__main__][INFO] - Epoch 1 | loss=0.0766 | val(video_auc)=0.42500000000000004
[2026-01-19 15:30:11,412][__main__][INFO] - Saved best checkpoint (score=0.4250) to models/best.pt
[2026-01-19 15:30:33,465][__main__][INFO] - Epoch 2 | loss=0.0566 | val(video_auc)=0.024999999999999994
[2026-01-19 15:30:54,764][__main__][INFO] - Epoch 3 | loss=0.0474 | val(video_auc)=0.05
[2026-01-19 15:31:14,029][__main__][INFO] - Epoch 4 | loss=0.0393 | val(video_auc)=0.0
[2026-01-19 15:31:31,080][__main__][INFO] - Epoch 5 | loss=0.0371 | val(video_auc)=0.15
[2026-01-19 15:31:52,936][__main__][INFO] - Epoch 6 | loss=0.0423 | val(video_auc)=0.05
[2026-01-19 15:32:14,050][__main__][INFO] - Epoch 7 | loss=0.0344 | val(video_auc)=0.0
[2026-01-19 15:32:31,484][__main__][INFO] - Epoch 8 | loss=0.0302 | val(video_auc)=0.0
[2026-01-19 15:32:53,371][__main__][INFO] - Epoch 9 | loss=0.0345 | val(video_auc)=0.05
[2026-01-19 15:33:14,563][__main__][INFO] - Epoch 10 | loss=0.0532 | val(video_auc)=0.09999999999999999
[2026-01-19 15:33:31,832][__main__][INFO] - Epoch 11 | loss=0.0368 | val(video_auc)=0.12499999999999999
[2026-01-19 15:33:50,740][__main__][INFO] - Epoch 12 | loss=0.0329 | val(video_auc)=0.0
[2026-01-19 15:34:12,116][__main__][INFO] - Epoch 13 | loss=0.0266 | val(video_auc)=0.0
[2026-01-19 15:34:33,771][__main__][INFO] - Epoch 14 | loss=0.0277 | val(video_auc)=0.0
[2026-01-19 15:34:50,925][__main__][INFO] - Epoch 15 | loss=0.0259 | val(video_auc)=0.0
[2026-01-19 15:35:11,854][__main__][INFO] - Epoch 16 | loss=0.0286 | val(video_auc)=0.0
[2026-01-19 15:35:33,629][__main__][INFO] - Epoch 17 | loss=0.0260 | val(video_auc)=0.0
[2026-01-19 15:35:49,729][__main__][INFO] - Epoch 18 | loss=0.0286 | val(video_auc)=0.0
[2026-01-19 15:36:11,282][__main__][INFO] - Epoch 19 | loss=0.0229 | val(video_auc)=0.024999999999999994
[2026-01-19 15:36:32,729][__main__][INFO] - Epoch 20 | loss=0.0213 | val(video_auc)=0.0
[2026-01-19 15:36:51,696][__main__][INFO] - Epoch 21 | loss=0.0229 | val(video_auc)=0.024999999999999994
[2026-01-19 15:37:11,271][__main__][INFO] - Epoch 22 | loss=0.0250 | val(video_auc)=0.0
[2026-01-19 15:37:32,542][__main__][INFO] - Epoch 23 | loss=0.0285 | val(video_auc)=0.04999999999999999
[2026-01-19 15:37:51,403][__main__][INFO] - Epoch 24 | loss=0.0274 | val(video_auc)=0.0
[2026-01-19 15:38:10,624][__main__][INFO] - Epoch 25 | loss=0.0220 | val(video_auc)=0.024999999999999994
[2026-01-19 15:38:29,930][__main__][INFO] - Epoch 26 | loss=0.0184 | val(video_auc)=0.0
[2026-01-19 15:38:51,390][__main__][INFO] - Epoch 27 | loss=0.0224 | val(video_auc)=0.0
[2026-01-19 15:39:10,532][__main__][INFO] - Epoch 28 | loss=0.0211 | val(video_auc)=0.0
[2026-01-19 15:39:27,817][__main__][INFO] - Epoch 29 | loss=0.0167 | val(video_auc)=0.024999999999999994
[2026-01-19 15:39:49,223][__main__][INFO] - Epoch 30 | loss=0.0168 | val(video_auc)=0.0
[2026-01-19 15:39:50,498][__main__][INFO] - Wrote /workspaces/project_repo/multirun/2026-01-19/13-29-23/28/metrics.json
