[2026-01-19 17:09:03,005][__main__][INFO] - Device: cuda
[2026-01-19 17:09:03,150][__main__][INFO] - pos_weight = 0.0706 (neg=49, pos=694)
[2026-01-19 17:09:19,811][__main__][INFO] - Epoch 1 | loss=0.0812 | val(video_auc)=0.375
[2026-01-19 17:09:19,890][__main__][INFO] - Saved best checkpoint (score=0.3750) to models/best.pt
[2026-01-19 17:09:41,185][__main__][INFO] - Epoch 2 | loss=0.0659 | val(video_auc)=0.25
[2026-01-19 17:10:02,695][__main__][INFO] - Epoch 3 | loss=0.0550 | val(video_auc)=0.1
[2026-01-19 17:10:21,859][__main__][INFO] - Epoch 4 | loss=0.0594 | val(video_auc)=0.4
[2026-01-19 17:10:21,943][__main__][INFO] - Saved best checkpoint (score=0.4000) to models/best.pt
[2026-01-19 17:10:41,666][__main__][INFO] - Epoch 5 | loss=0.0526 | val(video_auc)=0.15
[2026-01-19 17:11:03,695][__main__][INFO] - Epoch 6 | loss=0.0514 | val(video_auc)=0.3
[2026-01-19 17:11:22,772][__main__][INFO] - Epoch 7 | loss=0.0828 | val(video_auc)=0.32499999999999996
[2026-01-19 17:11:40,075][__main__][INFO] - Epoch 8 | loss=0.0567 | val(video_auc)=0.19999999999999998
[2026-01-19 17:12:01,054][__main__][INFO] - Epoch 9 | loss=0.0575 | val(video_auc)=0.19999999999999998
[2026-01-19 17:12:23,232][__main__][INFO] - Epoch 10 | loss=0.0463 | val(video_auc)=0.05
[2026-01-19 17:12:42,537][__main__][INFO] - Epoch 11 | loss=0.0425 | val(video_auc)=0.19999999999999998
[2026-01-19 17:12:59,400][__main__][INFO] - Epoch 12 | loss=0.0559 | val(video_auc)=0.09999999999999999
[2026-01-19 17:13:20,587][__main__][INFO] - Epoch 13 | loss=0.0498 | val(video_auc)=0.125
[2026-01-19 17:13:42,368][__main__][INFO] - Epoch 14 | loss=0.0440 | val(video_auc)=0.125
[2026-01-19 17:14:01,489][__main__][INFO] - Epoch 15 | loss=0.0409 | val(video_auc)=0.0
[2026-01-19 17:14:20,453][__main__][INFO] - Epoch 16 | loss=0.0410 | val(video_auc)=0.0
[2026-01-19 17:14:42,218][__main__][INFO] - Epoch 17 | loss=0.0527 | val(video_auc)=0.27499999999999997
[2026-01-19 17:15:01,351][__main__][INFO] - Epoch 18 | loss=0.0486 | val(video_auc)=0.1
[2026-01-19 17:15:18,142][__main__][INFO] - Epoch 19 | loss=0.0445 | val(video_auc)=0.024999999999999994
[2026-01-19 17:15:39,466][__main__][INFO] - Epoch 20 | loss=0.0521 | val(video_auc)=0.22499999999999998
[2026-01-19 17:16:01,269][__main__][INFO] - Epoch 21 | loss=0.0472 | val(video_auc)=0.17500000000000002
[2026-01-19 17:16:20,142][__main__][INFO] - Epoch 22 | loss=0.0426 | val(video_auc)=0.05
[2026-01-19 17:16:38,918][__main__][INFO] - Epoch 23 | loss=0.0365 | val(video_auc)=0.05
[2026-01-19 17:16:57,846][__main__][INFO] - Epoch 24 | loss=0.0330 | val(video_auc)=0.0
[2026-01-19 17:17:19,353][__main__][INFO] - Epoch 25 | loss=0.0342 | val(video_auc)=0.024999999999999994
[2026-01-19 17:17:38,474][__main__][INFO] - Epoch 26 | loss=0.0339 | val(video_auc)=0.0
[2026-01-19 17:17:55,704][__main__][INFO] - Epoch 27 | loss=0.0395 | val(video_auc)=0.0
[2026-01-19 17:18:16,994][__main__][INFO] - Epoch 28 | loss=0.0521 | val(video_auc)=0.15
[2026-01-19 17:18:37,916][__main__][INFO] - Epoch 29 | loss=0.0401 | val(video_auc)=0.024999999999999994
[2026-01-19 17:18:56,794][__main__][INFO] - Epoch 30 | loss=0.0343 | val(video_auc)=0.0
[2026-01-19 17:18:58,393][__main__][INFO] - Wrote /workspaces/project_repo/multirun/2026-01-19/13-29-23/38/metrics.json
