[2026-01-19 15:39:50,559][__main__][INFO] - Device: cuda
[2026-01-19 15:39:50,719][__main__][INFO] - pos_weight = 0.0706 (neg=49, pos=694)
[2026-01-19 15:40:12,049][__main__][INFO] - Epoch 1 | loss=0.0836 | val(video_auc)=0.375
[2026-01-19 15:40:12,131][__main__][INFO] - Saved best checkpoint (score=0.3750) to models/best.pt
[2026-01-19 15:40:29,340][__main__][INFO] - Epoch 2 | loss=0.0567 | val(video_auc)=0.22500000000000003
[2026-01-19 15:40:48,280][__main__][INFO] - Epoch 3 | loss=0.0445 | val(video_auc)=0.04999999999999999
[2026-01-19 15:41:10,150][__main__][INFO] - Epoch 4 | loss=0.0394 | val(video_auc)=0.04999999999999999
[2026-01-19 15:41:31,053][__main__][INFO] - Epoch 5 | loss=0.0359 | val(video_auc)=0.024999999999999994
[2026-01-19 15:41:49,597][__main__][INFO] - Epoch 6 | loss=0.0378 | val(video_auc)=0.024999999999999994
[2026-01-19 15:42:07,097][__main__][INFO] - Epoch 7 | loss=0.0317 | val(video_auc)=0.024999999999999994
[2026-01-19 15:42:28,761][__main__][INFO] - Epoch 8 | loss=0.0288 | val(video_auc)=0.024999999999999994
[2026-01-19 15:42:47,924][__main__][INFO] - Epoch 9 | loss=0.0386 | val(video_auc)=0.09999999999999999
[2026-01-19 15:43:08,701][__main__][INFO] - Epoch 10 | loss=0.0312 | val(video_auc)=0.024999999999999994
[2026-01-19 15:43:30,598][__main__][INFO] - Epoch 11 | loss=0.0268 | val(video_auc)=0.05
[2026-01-19 15:43:47,159][__main__][INFO] - Epoch 12 | loss=0.0333 | val(video_auc)=0.0
[2026-01-19 15:44:09,117][__main__][INFO] - Epoch 13 | loss=0.0303 | val(video_auc)=0.09999999999999999
[2026-01-19 15:44:28,204][__main__][INFO] - Epoch 14 | loss=0.0318 | val(video_auc)=0.21249999999999997
[2026-01-19 15:44:47,945][__main__][INFO] - Epoch 15 | loss=0.0445 | val(video_auc)=0.024999999999999994
[2026-01-19 15:45:08,860][__main__][INFO] - Epoch 16 | loss=0.0278 | val(video_auc)=0.09999999999999999
[2026-01-19 15:45:27,849][__main__][INFO] - Epoch 17 | loss=0.0267 | val(video_auc)=0.04999999999999999
[2026-01-19 15:45:48,954][__main__][INFO] - Epoch 18 | loss=0.0292 | val(video_auc)=0.024999999999999994
[2026-01-19 15:46:08,554][__main__][INFO] - Epoch 19 | loss=0.0247 | val(video_auc)=0.0
[2026-01-19 15:46:27,349][__main__][INFO] - Epoch 20 | loss=0.0214 | val(video_auc)=0.0
[2026-01-19 15:46:46,449][__main__][INFO] - Epoch 21 | loss=0.0189 | val(video_auc)=0.0
[2026-01-19 15:47:08,258][__main__][INFO] - Epoch 22 | loss=0.0181 | val(video_auc)=0.04999999999999999
[2026-01-19 15:47:25,620][__main__][INFO] - Epoch 23 | loss=0.0172 | val(video_auc)=0.075
[2026-01-19 15:47:46,739][__main__][INFO] - Epoch 24 | loss=0.0169 | val(video_auc)=0.04999999999999999
[2026-01-19 15:48:08,479][__main__][INFO] - Epoch 25 | loss=0.0154 | val(video_auc)=0.0
[2026-01-19 15:48:27,016][__main__][INFO] - Epoch 26 | loss=0.0161 | val(video_auc)=0.0
[2026-01-19 15:48:43,956][__main__][INFO] - Epoch 27 | loss=0.0150 | val(video_auc)=0.0
[2026-01-19 15:49:04,921][__main__][INFO] - Epoch 28 | loss=0.0163 | val(video_auc)=0.0
[2026-01-19 15:49:26,197][__main__][INFO] - Epoch 29 | loss=0.0158 | val(video_auc)=0.0
[2026-01-19 15:49:42,821][__main__][INFO] - Epoch 30 | loss=0.0150 | val(video_auc)=0.05
[2026-01-19 15:49:44,358][__main__][INFO] - Wrote /workspaces/project_repo/multirun/2026-01-19/13-29-23/29/metrics.json
