[2026-01-19 15:19:53,541][__main__][INFO] - Device: cuda
[2026-01-19 15:19:53,703][__main__][INFO] - pos_weight = 0.0706 (neg=49, pos=694)
[2026-01-19 15:20:15,690][__main__][INFO] - Epoch 1 | loss=0.0803 | val(video_auc)=0.3
[2026-01-19 15:20:15,767][__main__][INFO] - Saved best checkpoint (score=0.3000) to models/best.pt
[2026-01-19 15:20:32,441][__main__][INFO] - Epoch 2 | loss=0.0554 | val(video_auc)=0.17500000000000002
[2026-01-19 15:20:53,445][__main__][INFO] - Epoch 3 | loss=0.0417 | val(video_auc)=0.07499999999999998
[2026-01-19 15:21:13,736][__main__][INFO] - Epoch 4 | loss=0.0393 | val(video_auc)=0.024999999999999994
[2026-01-19 15:21:35,227][__main__][INFO] - Epoch 5 | loss=0.0352 | val(video_auc)=0.04999999999999999
[2026-01-19 15:21:56,683][__main__][INFO] - Epoch 6 | loss=0.0360 | val(video_auc)=0.05
[2026-01-19 15:22:15,750][__main__][INFO] - Epoch 7 | loss=0.0390 | val(video_auc)=0.04999999999999999
[2026-01-19 15:22:34,824][__main__][INFO] - Epoch 8 | loss=0.0397 | val(video_auc)=0.15
[2026-01-19 15:22:54,416][__main__][INFO] - Epoch 9 | loss=0.0386 | val(video_auc)=0.1
[2026-01-19 15:23:15,782][__main__][INFO] - Epoch 10 | loss=0.0345 | val(video_auc)=0.05
[2026-01-19 15:23:34,906][__main__][INFO] - Epoch 11 | loss=0.0289 | val(video_auc)=0.05
[2026-01-19 15:23:54,361][__main__][INFO] - Epoch 12 | loss=0.0326 | val(video_auc)=0.125
[2026-01-19 15:24:13,578][__main__][INFO] - Epoch 13 | loss=0.0297 | val(video_auc)=0.09999999999999999
[2026-01-19 15:24:35,610][__main__][INFO] - Epoch 14 | loss=0.0266 | val(video_auc)=0.1
[2026-01-19 15:24:54,684][__main__][INFO] - Epoch 15 | loss=0.0233 | val(video_auc)=0.1
[2026-01-19 15:25:14,137][__main__][INFO] - Epoch 16 | loss=0.0227 | val(video_auc)=0.0
[2026-01-19 15:25:36,106][__main__][INFO] - Epoch 17 | loss=0.0282 | val(video_auc)=0.0
[2026-01-19 15:25:55,486][__main__][INFO] - Epoch 18 | loss=0.0268 | val(video_auc)=0.024999999999999994
[2026-01-19 15:26:14,714][__main__][INFO] - Epoch 19 | loss=0.0281 | val(video_auc)=0.024999999999999994
[2026-01-19 15:26:34,080][__main__][INFO] - Epoch 20 | loss=0.0245 | val(video_auc)=0.0
[2026-01-19 15:26:56,097][__main__][INFO] - Epoch 21 | loss=0.0234 | val(video_auc)=0.16250000000000003
[2026-01-19 15:27:14,658][__main__][INFO] - Epoch 22 | loss=0.0214 | val(video_auc)=0.12499999999999999
[2026-01-19 15:27:33,370][__main__][INFO] - Epoch 23 | loss=0.0310 | val(video_auc)=0.09999999999999999
[2026-01-19 15:27:54,845][__main__][INFO] - Epoch 24 | loss=0.0360 | val(video_auc)=0.30000000000000004
[2026-01-19 15:27:54,926][__main__][INFO] - Saved best checkpoint (score=0.3000) to models/best.pt
[2026-01-19 15:28:14,046][__main__][INFO] - Epoch 25 | loss=0.0462 | val(video_auc)=0.14999999999999997
[2026-01-19 15:28:32,909][__main__][INFO] - Epoch 26 | loss=0.0341 | val(video_auc)=0.09999999999999999
[2026-01-19 15:28:52,316][__main__][INFO] - Epoch 27 | loss=0.0368 | val(video_auc)=0.07499999999999998
[2026-01-19 15:29:14,225][__main__][INFO] - Epoch 28 | loss=0.0317 | val(video_auc)=0.024999999999999994
[2026-01-19 15:29:33,092][__main__][INFO] - Epoch 29 | loss=0.0278 | val(video_auc)=0.05
[2026-01-19 15:29:52,045][__main__][INFO] - Epoch 30 | loss=0.0230 | val(video_auc)=0.0
[2026-01-19 15:29:53,663][__main__][INFO] - Wrote /workspaces/project_repo/multirun/2026-01-19/13-29-23/27/metrics.json
