[2026-01-19 14:49:55,311][__main__][INFO] - Device: cuda
[2026-01-19 14:49:55,477][__main__][INFO] - pos_weight = 0.0706 (neg=49, pos=694)
[2026-01-19 14:50:14,597][__main__][INFO] - Epoch 1 | loss=0.0741 | val(video_auc)=0.3
[2026-01-19 14:50:14,690][__main__][INFO] - Saved best checkpoint (score=0.3000) to models/best.pt
[2026-01-19 14:50:36,467][__main__][INFO] - Epoch 2 | loss=0.0509 | val(video_auc)=0.1
[2026-01-19 14:50:55,760][__main__][INFO] - Epoch 3 | loss=0.0475 | val(video_auc)=0.275
[2026-01-19 14:51:13,345][__main__][INFO] - Epoch 4 | loss=0.0441 | val(video_auc)=0.07499999999999998
[2026-01-19 14:51:33,259][__main__][INFO] - Epoch 5 | loss=0.0410 | val(video_auc)=0.1
[2026-01-19 14:51:55,573][__main__][INFO] - Epoch 6 | loss=0.0373 | val(video_auc)=0.04999999999999999
[2026-01-19 14:52:14,537][__main__][INFO] - Epoch 7 | loss=0.0429 | val(video_auc)=0.125
[2026-01-19 14:52:35,631][__main__][INFO] - Epoch 8 | loss=0.0394 | val(video_auc)=0.09999999999999999
[2026-01-19 14:52:52,697][__main__][INFO] - Epoch 9 | loss=0.0318 | val(video_auc)=0.024999999999999994
[2026-01-19 14:53:13,830][__main__][INFO] - Epoch 10 | loss=0.0284 | val(video_auc)=0.0
[2026-01-19 14:53:35,787][__main__][INFO] - Epoch 11 | loss=0.0237 | val(video_auc)=0.04999999999999999
[2026-01-19 14:53:54,703][__main__][INFO] - Epoch 12 | loss=0.0261 | val(video_auc)=0.0
[2026-01-19 14:54:16,156][__main__][INFO] - Epoch 13 | loss=0.0259 | val(video_auc)=0.075
[2026-01-19 14:54:35,795][__main__][INFO] - Epoch 14 | loss=0.0253 | val(video_auc)=0.25
[2026-01-19 14:54:55,085][__main__][INFO] - Epoch 15 | loss=0.0277 | val(video_auc)=0.15
[2026-01-19 14:55:14,444][__main__][INFO] - Epoch 16 | loss=0.0274 | val(video_auc)=0.0
[2026-01-19 14:55:36,297][__main__][INFO] - Epoch 17 | loss=0.0235 | val(video_auc)=0.0
[2026-01-19 14:55:55,366][__main__][INFO] - Epoch 18 | loss=0.0221 | val(video_auc)=0.0
[2026-01-19 14:56:14,547][__main__][INFO] - Epoch 19 | loss=0.0435 | val(video_auc)=0.024999999999999994
[2026-01-19 14:56:36,265][__main__][INFO] - Epoch 20 | loss=0.0292 | val(video_auc)=0.024999999999999994
[2026-01-19 14:56:55,626][__main__][INFO] - Epoch 21 | loss=0.0251 | val(video_auc)=0.075
[2026-01-19 14:57:14,897][__main__][INFO] - Epoch 22 | loss=0.0236 | val(video_auc)=0.024999999999999994
[2026-01-19 14:57:34,160][__main__][INFO] - Epoch 23 | loss=0.0210 | val(video_auc)=0.05
[2026-01-19 14:57:55,980][__main__][INFO] - Epoch 24 | loss=0.0189 | val(video_auc)=0.024999999999999994
[2026-01-19 14:58:13,220][__main__][INFO] - Epoch 25 | loss=0.0274 | val(video_auc)=0.0
[2026-01-19 14:58:34,667][__main__][INFO] - Epoch 26 | loss=0.0312 | val(video_auc)=0.19999999999999998
[2026-01-19 14:58:51,904][__main__][INFO] - Epoch 27 | loss=0.0371 | val(video_auc)=0.0
[2026-01-19 14:59:13,484][__main__][INFO] - Epoch 28 | loss=0.0330 | val(video_auc)=0.0
[2026-01-19 14:59:34,632][__main__][INFO] - Epoch 29 | loss=0.0256 | val(video_auc)=0.0
[2026-01-19 14:59:51,646][__main__][INFO] - Epoch 30 | loss=0.0241 | val(video_auc)=0.0
[2026-01-19 14:59:53,189][__main__][INFO] - Wrote /workspaces/project_repo/multirun/2026-01-19/13-29-23/24/metrics.json
