[2026-01-19 15:59:35,195][__main__][INFO] - Device: cuda
[2026-01-19 15:59:35,349][__main__][INFO] - pos_weight = 0.0706 (neg=49, pos=694)
[2026-01-19 15:59:56,864][__main__][INFO] - Epoch 1 | loss=0.0743 | val(video_auc)=0.15
[2026-01-19 15:59:56,951][__main__][INFO] - Saved best checkpoint (score=0.1500) to models/best.pt
[2026-01-19 16:00:16,045][__main__][INFO] - Epoch 2 | loss=0.0473 | val(video_auc)=0.0
[2026-01-19 16:00:33,406][__main__][INFO] - Epoch 3 | loss=0.0477 | val(video_auc)=0.175
[2026-01-19 16:00:33,487][__main__][INFO] - Saved best checkpoint (score=0.1750) to models/best.pt
[2026-01-19 16:00:55,320][__main__][INFO] - Epoch 4 | loss=0.0457 | val(video_auc)=0.0
[2026-01-19 16:01:16,503][__main__][INFO] - Epoch 5 | loss=0.0342 | val(video_auc)=0.05
[2026-01-19 16:01:34,795][__main__][INFO] - Epoch 6 | loss=0.0426 | val(video_auc)=0.0
[2026-01-19 16:01:55,064][__main__][INFO] - Epoch 7 | loss=0.0386 | val(video_auc)=0.0
[2026-01-19 16:02:16,958][__main__][INFO] - Epoch 8 | loss=0.0398 | val(video_auc)=0.0
[2026-01-19 16:02:34,163][__main__][INFO] - Epoch 9 | loss=0.0344 | val(video_auc)=0.0
[2026-01-19 16:02:55,460][__main__][INFO] - Epoch 10 | loss=0.0319 | val(video_auc)=0.0
[2026-01-19 16:03:14,617][__main__][INFO] - Epoch 11 | loss=0.0283 | val(video_auc)=0.0
[2026-01-19 16:03:36,364][__main__][INFO] - Epoch 12 | loss=0.0289 | val(video_auc)=0.0
[2026-01-19 16:03:53,485][__main__][INFO] - Epoch 13 | loss=0.0278 | val(video_auc)=0.0
[2026-01-19 16:04:14,536][__main__][INFO] - Epoch 14 | loss=0.0242 | val(video_auc)=0.0
[2026-01-19 16:04:36,143][__main__][INFO] - Epoch 15 | loss=0.0344 | val(video_auc)=0.0
[2026-01-19 16:04:54,397][__main__][INFO] - Epoch 16 | loss=0.0367 | val(video_auc)=0.04999999999999999
[2026-01-19 16:05:14,200][__main__][INFO] - Epoch 17 | loss=0.0341 | val(video_auc)=0.0
[2026-01-19 16:05:33,437][__main__][INFO] - Epoch 18 | loss=0.0289 | val(video_auc)=0.0
[2026-01-19 16:05:54,973][__main__][INFO] - Epoch 19 | loss=0.0262 | val(video_auc)=0.0
[2026-01-19 16:06:13,757][__main__][INFO] - Epoch 20 | loss=0.0219 | val(video_auc)=0.0
[2026-01-19 16:06:32,921][__main__][INFO] - Epoch 21 | loss=0.0221 | val(video_auc)=0.0
[2026-01-19 16:06:54,385][__main__][INFO] - Epoch 22 | loss=0.0231 | val(video_auc)=0.0
[2026-01-19 16:07:13,426][__main__][INFO] - Epoch 23 | loss=0.0184 | val(video_auc)=0.0
[2026-01-19 16:07:30,354][__main__][INFO] - Epoch 24 | loss=0.0196 | val(video_auc)=0.0
[2026-01-19 16:07:51,303][__main__][INFO] - Epoch 25 | loss=0.0173 | val(video_auc)=0.0
[2026-01-19 16:08:12,897][__main__][INFO] - Epoch 26 | loss=0.0165 | val(video_auc)=0.0
[2026-01-19 16:08:28,795][__main__][INFO] - Epoch 27 | loss=0.0211 | val(video_auc)=0.125
[2026-01-19 16:08:48,215][__main__][INFO] - Epoch 28 | loss=0.0357 | val(video_auc)=0.125
[2026-01-19 16:09:10,057][__main__][INFO] - Epoch 29 | loss=0.0190 | val(video_auc)=0.1
[2026-01-19 16:09:31,052][__main__][INFO] - Epoch 30 | loss=0.0169 | val(video_auc)=0.125
[2026-01-19 16:09:32,590][__main__][INFO] - Wrote /workspaces/project_repo/multirun/2026-01-19/13-29-23/31/metrics.json
