[2026-01-19 16:39:13,052][__main__][INFO] - Device: cuda
[2026-01-19 16:39:13,200][__main__][INFO] - pos_weight = 0.0706 (neg=49, pos=694)
[2026-01-19 16:39:34,201][__main__][INFO] - Epoch 1 | loss=0.0773 | val(video_auc)=0.5625
[2026-01-19 16:39:34,287][__main__][INFO] - Saved best checkpoint (score=0.5625) to models/best.pt
[2026-01-19 16:39:53,340][__main__][INFO] - Epoch 2 | loss=0.0545 | val(video_auc)=0.45
[2026-01-19 16:40:14,122][__main__][INFO] - Epoch 3 | loss=0.0441 | val(video_auc)=0.33749999999999997
[2026-01-19 16:40:34,107][__main__][INFO] - Epoch 4 | loss=0.0406 | val(video_auc)=0.2
[2026-01-19 16:40:53,036][__main__][INFO] - Epoch 5 | loss=0.0387 | val(video_auc)=0.12499999999999997
[2026-01-19 16:41:14,894][__main__][INFO] - Epoch 6 | loss=0.0406 | val(video_auc)=0.12499999999999997
[2026-01-19 16:41:33,720][__main__][INFO] - Epoch 7 | loss=0.0454 | val(video_auc)=0.0
[2026-01-19 16:41:52,777][__main__][INFO] - Epoch 8 | loss=0.0311 | val(video_auc)=0.0
[2026-01-19 16:42:09,997][__main__][INFO] - Epoch 9 | loss=0.0357 | val(video_auc)=0.0625
[2026-01-19 16:42:31,432][__main__][INFO] - Epoch 10 | loss=0.0319 | val(video_auc)=0.11249999999999998
[2026-01-19 16:42:50,862][__main__][INFO] - Epoch 11 | loss=0.0286 | val(video_auc)=0.0
[2026-01-19 16:43:12,009][__main__][INFO] - Epoch 12 | loss=0.0241 | val(video_auc)=0.0625
[2026-01-19 16:43:33,930][__main__][INFO] - Epoch 13 | loss=0.0303 | val(video_auc)=0.125
[2026-01-19 16:43:53,248][__main__][INFO] - Epoch 14 | loss=0.0273 | val(video_auc)=0.0625
[2026-01-19 16:44:12,289][__main__][INFO] - Epoch 15 | loss=0.0238 | val(video_auc)=0.125
[2026-01-19 16:44:31,623][__main__][INFO] - Epoch 16 | loss=0.0268 | val(video_auc)=0.0
[2026-01-19 16:44:53,362][__main__][INFO] - Epoch 17 | loss=0.0255 | val(video_auc)=0.2
[2026-01-19 16:45:12,417][__main__][INFO] - Epoch 18 | loss=0.0304 | val(video_auc)=0.0
[2026-01-19 16:45:31,380][__main__][INFO] - Epoch 19 | loss=0.0310 | val(video_auc)=0.0
[2026-01-19 16:45:53,174][__main__][INFO] - Epoch 20 | loss=0.0223 | val(video_auc)=0.0625
[2026-01-19 16:46:12,094][__main__][INFO] - Epoch 21 | loss=0.0197 | val(video_auc)=0.12499999999999997
[2026-01-19 16:46:30,874][__main__][INFO] - Epoch 22 | loss=0.0168 | val(video_auc)=0.125
[2026-01-19 16:46:48,125][__main__][INFO] - Epoch 23 | loss=0.0183 | val(video_auc)=0.25
[2026-01-19 16:47:09,836][__main__][INFO] - Epoch 24 | loss=0.0152 | val(video_auc)=0.125
[2026-01-19 16:47:31,356][__main__][INFO] - Epoch 25 | loss=0.0178 | val(video_auc)=0.125
[2026-01-19 16:47:48,292][__main__][INFO] - Epoch 26 | loss=0.0139 | val(video_auc)=0.0625
[2026-01-19 16:48:07,281][__main__][INFO] - Epoch 27 | loss=0.0134 | val(video_auc)=0.125
[2026-01-19 16:48:28,911][__main__][INFO] - Epoch 28 | loss=0.0136 | val(video_auc)=0.1875
[2026-01-19 16:48:49,929][__main__][INFO] - Epoch 29 | loss=0.0216 | val(video_auc)=0.1875
[2026-01-19 16:49:06,464][__main__][INFO] - Epoch 30 | loss=0.0246 | val(video_auc)=0.125
[2026-01-19 16:49:07,828][__main__][INFO] - Wrote /workspaces/project_repo/multirun/2026-01-19/13-29-23/35/metrics.json
