[2026-01-19 15:49:44,421][__main__][INFO] - Device: cuda
[2026-01-19 15:49:44,579][__main__][INFO] - pos_weight = 0.0706 (neg=49, pos=694)
[2026-01-19 15:50:05,199][__main__][INFO] - Epoch 1 | loss=0.0800 | val(video_auc)=0.32500000000000007
[2026-01-19 15:50:05,277][__main__][INFO] - Saved best checkpoint (score=0.3250) to models/best.pt
[2026-01-19 15:50:24,073][__main__][INFO] - Epoch 2 | loss=0.0549 | val(video_auc)=0.0
[2026-01-19 15:50:44,409][__main__][INFO] - Epoch 3 | loss=0.0484 | val(video_auc)=0.04999999999999999
[2026-01-19 15:51:03,072][__main__][INFO] - Epoch 4 | loss=0.0475 | val(video_auc)=0.1
[2026-01-19 15:51:23,286][__main__][INFO] - Epoch 5 | loss=0.0423 | val(video_auc)=0.05
[2026-01-19 15:51:45,213][__main__][INFO] - Epoch 6 | loss=0.0363 | val(video_auc)=0.0
[2026-01-19 15:52:03,253][__main__][INFO] - Epoch 7 | loss=0.0377 | val(video_auc)=0.15
[2026-01-19 15:52:22,918][__main__][INFO] - Epoch 8 | loss=0.0446 | val(video_auc)=0.1
[2026-01-19 15:52:44,627][__main__][INFO] - Epoch 9 | loss=0.0396 | val(video_auc)=0.0
[2026-01-19 15:53:03,061][__main__][INFO] - Epoch 10 | loss=0.0313 | val(video_auc)=0.0
[2026-01-19 15:53:22,188][__main__][INFO] - Epoch 11 | loss=0.0282 | val(video_auc)=0.0
[2026-01-19 15:53:38,954][__main__][INFO] - Epoch 12 | loss=0.0291 | val(video_auc)=0.0
[2026-01-19 15:54:00,491][__main__][INFO] - Epoch 13 | loss=0.0238 | val(video_auc)=0.0
[2026-01-19 15:54:21,387][__main__][INFO] - Epoch 14 | loss=0.0217 | val(video_auc)=0.0
[2026-01-19 15:54:40,033][__main__][INFO] - Epoch 15 | loss=0.0227 | val(video_auc)=0.0
[2026-01-19 15:55:01,380][__main__][INFO] - Epoch 16 | loss=0.0346 | val(video_auc)=0.07499999999999998
[2026-01-19 15:55:20,175][__main__][INFO] - Epoch 17 | loss=0.0356 | val(video_auc)=0.05
[2026-01-19 15:55:39,141][__main__][INFO] - Epoch 18 | loss=0.0314 | val(video_auc)=0.0
[2026-01-19 15:55:57,971][__main__][INFO] - Epoch 19 | loss=0.0346 | val(video_auc)=0.09999999999999999
[2026-01-19 15:56:19,520][__main__][INFO] - Epoch 20 | loss=0.0312 | val(video_auc)=0.0
[2026-01-19 15:56:38,627][__main__][INFO] - Epoch 21 | loss=0.0330 | val(video_auc)=0.0
[2026-01-19 15:56:55,268][__main__][INFO] - Epoch 22 | loss=0.0307 | val(video_auc)=0.0
[2026-01-19 15:57:16,716][__main__][INFO] - Epoch 23 | loss=0.0267 | val(video_auc)=0.0
[2026-01-19 15:57:37,520][__main__][INFO] - Epoch 24 | loss=0.0275 | val(video_auc)=0.0
[2026-01-19 15:57:55,361][__main__][INFO] - Epoch 25 | loss=0.0235 | val(video_auc)=0.0
[2026-01-19 15:58:13,706][__main__][INFO] - Epoch 26 | loss=0.0226 | val(video_auc)=0.0
[2026-01-19 15:58:35,494][__main__][INFO] - Epoch 27 | loss=0.0205 | val(video_auc)=0.0
[2026-01-19 15:58:55,577][__main__][INFO] - Epoch 28 | loss=0.0198 | val(video_auc)=0.0
[2026-01-19 15:59:14,510][__main__][INFO] - Epoch 29 | loss=0.0218 | val(video_auc)=0.125
[2026-01-19 15:59:36,304][__main__][INFO] - Epoch 30 | loss=0.0243 | val(video_auc)=0.0
[2026-01-19 15:59:35,133][__main__][INFO] - Wrote /workspaces/project_repo/multirun/2026-01-19/13-29-23/30/metrics.json
