[2026-01-19 14:59:53,252][__main__][INFO] - Device: cuda
[2026-01-19 14:59:53,411][__main__][INFO] - pos_weight = 0.0706 (neg=49, pos=694)
[2026-01-19 15:00:15,191][__main__][INFO] - Epoch 1 | loss=0.0805 | val(video_auc)=0.425
[2026-01-19 15:00:15,277][__main__][INFO] - Saved best checkpoint (score=0.4250) to models/best.pt
[2026-01-19 15:00:36,715][__main__][INFO] - Epoch 2 | loss=0.0541 | val(video_auc)=0.04999999999999999
[2026-01-19 15:00:55,868][__main__][INFO] - Epoch 3 | loss=0.0423 | val(video_auc)=0.024999999999999994
[2026-01-19 15:01:15,240][__main__][INFO] - Epoch 4 | loss=0.0360 | val(video_auc)=0.15
[2026-01-19 15:01:37,202][__main__][INFO] - Epoch 5 | loss=0.0432 | val(video_auc)=0.125
[2026-01-19 15:01:56,812][__main__][INFO] - Epoch 6 | loss=0.0345 | val(video_auc)=0.05
[2026-01-19 15:02:15,753][__main__][INFO] - Epoch 7 | loss=0.0295 | val(video_auc)=0.05
[2026-01-19 15:02:33,667][__main__][INFO] - Epoch 8 | loss=0.0343 | val(video_auc)=0.1
[2026-01-19 15:02:55,307][__main__][INFO] - Epoch 9 | loss=0.0348 | val(video_auc)=0.125
[2026-01-19 15:03:16,361][__main__][INFO] - Epoch 10 | loss=0.0453 | val(video_auc)=0.0
[2026-01-19 15:03:35,508][__main__][INFO] - Epoch 11 | loss=0.0360 | val(video_auc)=0.0
[2026-01-19 15:03:54,784][__main__][INFO] - Epoch 12 | loss=0.0328 | val(video_auc)=0.0
[2026-01-19 15:04:16,410][__main__][INFO] - Epoch 13 | loss=0.0294 | val(video_auc)=0.0
[2026-01-19 15:04:36,050][__main__][INFO] - Epoch 14 | loss=0.0274 | val(video_auc)=0.05
[2026-01-19 15:04:55,119][__main__][INFO] - Epoch 15 | loss=0.0312 | val(video_auc)=0.0
[2026-01-19 15:05:17,080][__main__][INFO] - Epoch 16 | loss=0.0283 | val(video_auc)=0.0
[2026-01-19 15:05:34,086][__main__][INFO] - Epoch 17 | loss=0.0306 | val(video_auc)=0.0
[2026-01-19 15:05:53,401][__main__][INFO] - Epoch 18 | loss=0.0257 | val(video_auc)=0.024999999999999994
[2026-01-19 15:06:12,631][__main__][INFO] - Epoch 19 | loss=0.0241 | val(video_auc)=0.19999999999999998
[2026-01-19 15:06:34,438][__main__][INFO] - Epoch 20 | loss=0.0248 | val(video_auc)=0.07499999999999998
[2026-01-19 15:06:55,781][__main__][INFO] - Epoch 21 | loss=0.0268 | val(video_auc)=0.0
[2026-01-19 15:07:14,532][__main__][INFO] - Epoch 22 | loss=0.0247 | val(video_auc)=0.1
[2026-01-19 15:07:33,742][__main__][INFO] - Epoch 23 | loss=0.0255 | val(video_auc)=0.0
[2026-01-19 15:07:55,030][__main__][INFO] - Epoch 24 | loss=0.0284 | val(video_auc)=0.05
[2026-01-19 15:08:14,126][__main__][INFO] - Epoch 25 | loss=0.0220 | val(video_auc)=0.024999999999999994
[2026-01-19 15:08:32,987][__main__][INFO] - Epoch 26 | loss=0.0214 | val(video_auc)=0.04999999999999999
[2026-01-19 15:08:54,833][__main__][INFO] - Epoch 27 | loss=0.0268 | val(video_auc)=0.09999999999999999
[2026-01-19 15:09:11,991][__main__][INFO] - Epoch 28 | loss=0.0211 | val(video_auc)=0.024999999999999994
[2026-01-19 15:09:30,920][__main__][INFO] - Epoch 29 | loss=0.0215 | val(video_auc)=0.024999999999999994
[2026-01-19 15:09:50,248][__main__][INFO] - Epoch 30 | loss=0.0228 | val(video_auc)=0.0
[2026-01-19 15:09:51,841][__main__][INFO] - Wrote /workspaces/project_repo/multirun/2026-01-19/13-29-23/25/metrics.json
