[2026-01-19 16:29:23,164][__main__][INFO] - Device: cuda
[2026-01-19 16:29:23,309][__main__][INFO] - pos_weight = 0.0706 (neg=49, pos=694)
[2026-01-19 16:29:44,930][__main__][INFO] - Epoch 1 | loss=0.0772 | val(video_auc)=0.45
[2026-01-19 16:29:45,020][__main__][INFO] - Saved best checkpoint (score=0.4500) to models/best.pt
[2026-01-19 16:30:06,116][__main__][INFO] - Epoch 2 | loss=0.0519 | val(video_auc)=0.33749999999999997
[2026-01-19 16:30:25,061][__main__][INFO] - Epoch 3 | loss=0.0422 | val(video_auc)=0.225
[2026-01-19 16:30:44,036][__main__][INFO] - Epoch 4 | loss=0.0374 | val(video_auc)=0.0
[2026-01-19 16:31:05,883][__main__][INFO] - Epoch 5 | loss=0.0301 | val(video_auc)=0.125
[2026-01-19 16:31:24,693][__main__][INFO] - Epoch 6 | loss=0.0362 | val(video_auc)=0.22499999999999998
[2026-01-19 16:31:41,433][__main__][INFO] - Epoch 7 | loss=0.0307 | val(video_auc)=0.225
[2026-01-19 16:32:02,861][__main__][INFO] - Epoch 8 | loss=0.0286 | val(video_auc)=0.125
[2026-01-19 16:32:24,004][__main__][INFO] - Epoch 9 | loss=0.0313 | val(video_auc)=0.2875
[2026-01-19 16:32:40,137][__main__][INFO] - Epoch 10 | loss=0.0280 | val(video_auc)=0.125
[2026-01-19 16:33:01,300][__main__][INFO] - Epoch 11 | loss=0.0301 | val(video_auc)=0.3625
[2026-01-19 16:33:21,907][__main__][INFO] - Epoch 12 | loss=0.0412 | val(video_auc)=0.3625
[2026-01-19 16:33:40,695][__main__][INFO] - Epoch 13 | loss=0.0351 | val(video_auc)=0.0
[2026-01-19 16:33:59,976][__main__][INFO] - Epoch 14 | loss=0.0294 | val(video_auc)=0.275
[2026-01-19 16:34:21,135][__main__][INFO] - Epoch 15 | loss=0.0307 | val(video_auc)=0.0625
[2026-01-19 16:34:39,691][__main__][INFO] - Epoch 16 | loss=0.0294 | val(video_auc)=0.2
[2026-01-19 16:34:58,507][__main__][INFO] - Epoch 17 | loss=0.0242 | val(video_auc)=0.09999999999999998
[2026-01-19 16:35:19,796][__main__][INFO] - Epoch 18 | loss=0.0236 | val(video_auc)=0.12499999999999997
[2026-01-19 16:35:38,766][__main__][INFO] - Epoch 19 | loss=0.0241 | val(video_auc)=0.0
[2026-01-19 16:35:57,373][__main__][INFO] - Epoch 20 | loss=0.0258 | val(video_auc)=0.075
[2026-01-19 16:36:16,217][__main__][INFO] - Epoch 21 | loss=0.0288 | val(video_auc)=0.125
[2026-01-19 16:36:37,912][__main__][INFO] - Epoch 22 | loss=0.0288 | val(video_auc)=0.125
[2026-01-19 16:36:56,457][__main__][INFO] - Epoch 23 | loss=0.0224 | val(video_auc)=0.11249999999999998
[2026-01-19 16:37:15,040][__main__][INFO] - Epoch 24 | loss=0.0202 | val(video_auc)=0.0
[2026-01-19 16:37:36,469][__main__][INFO] - Epoch 25 | loss=0.0380 | val(video_auc)=0.175
[2026-01-19 16:37:55,214][__main__][INFO] - Epoch 26 | loss=0.0271 | val(video_auc)=0.0
[2026-01-19 16:38:14,048][__main__][INFO] - Epoch 27 | loss=0.0255 | val(video_auc)=0.09999999999999998
[2026-01-19 16:38:30,871][__main__][INFO] - Epoch 28 | loss=0.0245 | val(video_auc)=0.0
[2026-01-19 16:38:52,542][__main__][INFO] - Epoch 29 | loss=0.0274 | val(video_auc)=0.0
[2026-01-19 16:39:11,429][__main__][INFO] - Epoch 30 | loss=0.0307 | val(video_auc)=0.175
[2026-01-19 16:39:12,991][__main__][INFO] - Wrote /workspaces/project_repo/multirun/2026-01-19/13-29-23/34/metrics.json
